<?xml version="1.0" encoding="UTF-8"?>
<robot generator="Robot 4.1.3 (Python 3.10.2 on win32)" generated="20220723 23:39:24.119" rpa="false" schemaversion="2">
<suite id="s1" name="Call suite" source="E:\LT_Technology_Services\INTERNSHIP\Shadow_project\TestSuite\Call_suite.robot">
<test id="s1-t1" name="Call Test">
<kw name="Call" library="CommonFunctionality" type="SETUP">
<kw name="Open Application" library="AppiumLibrary">
<arg>http://localhost:4723/wd/hub</arg>
<arg>platformName=Android</arg>
<arg>deviceName=WWCIXWGEAAX8VWY9</arg>
<arg>appPackage=com.google.android.dialer</arg>
<arg>appActivity=com.android.dialer.DialtactsActivity</arg>
<arg>noReset=${True}</arg>
<doc>Opens a new application to given Appium server.
Capabilities of appium server, Android and iOS,
Please check https://github.com/appium/appium/blob/master/docs/en/writing-running-appium/server-args.md
| *Option*            | *Man.* | *Description*     |
| remote_url          | Yes    | Appium server url |
| alias               | no     | alias             |</doc>
<status status="PASS" starttime="20220723 23:39:24.538" endtime="20220723 23:39:33.564"/>
</kw>
<status status="PASS" starttime="20220723 23:39:24.538" endtime="20220723 23:39:33.564"/>
</kw>
<kw name="Click Element" library="AppiumLibrary">
<arg>id=dialpad_fab</arg>
<doc>Click element identified by `locator`.</doc>
<msg timestamp="20220723 23:39:33.580" level="INFO">Clicking element 'id=dialpad_fab'.</msg>
<status status="PASS" starttime="20220723 23:39:33.564" endtime="20220723 23:39:34.205"/>
</kw>
<kw name="Click Element" library="AppiumLibrary">
<arg>id=eight</arg>
<doc>Click element identified by `locator`.</doc>
<msg timestamp="20220723 23:39:34.205" level="INFO">Clicking element 'id=eight'.</msg>
<status status="PASS" starttime="20220723 23:39:34.205" endtime="20220723 23:39:36.313"/>
</kw>
<kw name="Click Element" library="AppiumLibrary">
<arg>id=zero</arg>
<doc>Click element identified by `locator`.</doc>
<msg timestamp="20220723 23:39:36.313" level="INFO">Clicking element 'id=zero'.</msg>
<status status="PASS" starttime="20220723 23:39:36.313" endtime="20220723 23:39:37.235"/>
</kw>
<kw name="Click Element" library="AppiumLibrary">
<arg>id=one</arg>
<doc>Click element identified by `locator`.</doc>
<msg timestamp="20220723 23:39:37.235" level="INFO">Clicking element 'id=one'.</msg>
<status status="PASS" starttime="20220723 23:39:37.235" endtime="20220723 23:39:38.133"/>
</kw>
<kw name="Click Element" library="AppiumLibrary">
<arg>id=one</arg>
<doc>Click element identified by `locator`.</doc>
<msg timestamp="20220723 23:39:38.133" level="INFO">Clicking element 'id=one'.</msg>
<status status="PASS" starttime="20220723 23:39:38.133" endtime="20220723 23:39:39.023"/>
</kw>
<kw name="Click Element" library="AppiumLibrary">
<arg>id=eight</arg>
<doc>Click element identified by `locator`.</doc>
<msg timestamp="20220723 23:39:39.039" level="INFO">Clicking element 'id=eight'.</msg>
<status status="PASS" starttime="20220723 23:39:39.023" endtime="20220723 23:39:39.930"/>
</kw>
<kw name="Click Element" library="AppiumLibrary">
<arg>id=four</arg>
<doc>Click element identified by `locator`.</doc>
<msg timestamp="20220723 23:39:39.930" level="INFO">Clicking element 'id=four'.</msg>
<status status="PASS" starttime="20220723 23:39:39.930" endtime="20220723 23:39:40.758"/>
</kw>
<kw name="Click Element" library="AppiumLibrary">
<arg>id=three</arg>
<doc>Click element identified by `locator`.</doc>
<msg timestamp="20220723 23:39:40.758" level="INFO">Clicking element 'id=three'.</msg>
<status status="PASS" starttime="20220723 23:39:40.758" endtime="20220723 23:39:41.508"/>
</kw>
<kw name="Click Element" library="AppiumLibrary">
<arg>id=six</arg>
<doc>Click element identified by `locator`.</doc>
<msg timestamp="20220723 23:39:41.523" level="INFO">Clicking element 'id=six'.</msg>
<status status="PASS" starttime="20220723 23:39:41.508" endtime="20220723 23:39:42.320"/>
</kw>
<kw name="Click Element" library="AppiumLibrary">
<arg>id=three</arg>
<doc>Click element identified by `locator`.</doc>
<msg timestamp="20220723 23:39:42.336" level="INFO">Clicking element 'id=three'.</msg>
<status status="PASS" starttime="20220723 23:39:42.336" endtime="20220723 23:39:43.117"/>
</kw>
<kw name="Click Element" library="AppiumLibrary">
<arg>id=zero</arg>
<doc>Click element identified by `locator`.</doc>
<msg timestamp="20220723 23:39:43.133" level="INFO">Clicking element 'id=zero'.</msg>
<status status="PASS" starttime="20220723 23:39:43.117" endtime="20220723 23:39:43.968"/>
</kw>
<kw name="Click Element" library="AppiumLibrary">
<arg>id=dialpad_voice_call_button</arg>
<doc>Click element identified by `locator`.</doc>
<msg timestamp="20220723 23:39:43.968" level="INFO">Clicking element 'id=dialpad_voice_call_button'.</msg>
<status status="PASS" starttime="20220723 23:39:43.968" endtime="20220723 23:39:44.186"/>
</kw>
<kw name="Sleep" library="BuiltIn">
<arg>2s</arg>
<doc>Pauses the test executed for the given time.</doc>
<msg timestamp="20220723 23:39:46.202" level="INFO">Slept 2 seconds</msg>
<status status="PASS" starttime="20220723 23:39:44.186" endtime="20220723 23:39:46.202"/>
</kw>
<kw name="Click Element" library="AppiumLibrary">
<arg>id=text</arg>
<doc>Click element identified by `locator`.</doc>
<msg timestamp="20220723 23:39:46.202" level="INFO">Clicking element 'id=text'.</msg>
<status status="PASS" starttime="20220723 23:39:46.202" endtime="20220723 23:39:48.436"/>
</kw>
<kw name="Close Application" library="AppiumLibrary">
<doc>Closes the current application and also close webdriver session.</doc>
<status status="PASS" starttime="20220723 23:39:48.436" endtime="20220723 23:39:48.905"/>
</kw>
<status status="PASS" starttime="20220723 23:39:24.538" endtime="20220723 23:39:48.920"/>
</test>
<status status="PASS" starttime="20220723 23:39:24.119" endtime="20220723 23:39:48.920"/>
</suite>
<statistics>
<total>
<stat pass="1" fail="0" skip="0">All Tests</stat>
</total>
<tag>
</tag>
<suite>
<stat pass="1" fail="0" skip="0" id="s1" name="Call suite">Call suite</stat>
</suite>
</statistics>
<errors>
</errors>
</robot>
